--------------------------------------------------
EXAMPLE 1: Bells jangled.
--------------------------------------------------
known = jangled
unknown = bells
minPenalty = 0
understanding = 1.0
amb = 1/7

selected:  1: penalty = 0
              #xfrags = 0
              blah/size = 0/3
              understood = 1.000
              (S (NP (@ Bells))
                 (VP (V jangled)))

--------------------------------------------------
EXAMPLE 2: Maisie smirked.
--------------------------------------------------
known = smirked
unknown = maisie
minPenalty = 0
understanding = 1.0
amb = 1/7

selected:  1: penalty = 0
              #xfrags = 0
              blah/size = 0/3
              understood = 1.000
              (S (NP (@ Maisie))
                 (VP (V smirked)))

--------------------------------------------------
EXAMPLE 3: They stiffened.
--------------------------------------------------
known = they stiffened
unknown =
minPenalty = 0
understanding = 1.0
amb = 1/5

selected:  1: penalty = 0
              #xfrags = 0
              blah/size = 0/3
              understood = 1.000
              (S (NP (Pro They))
                 (VP (V stiffened)))

--------------------------------------------------
EXAMPLE 4: The toe jabbed.
--------------------------------------------------
known = the jabbed
unknown = toe
minPenalty = 1
understanding = 0.8
amb = 1/7

selected:  1: penalty = 1
              #xfrags = 0
              blah/size = 1/5
              understood = 0.800
              (S (NP (D The)
                     (?N toe))
                 (VP (V jabbed)))

--------------------------------------------------
EXAMPLE 5: Intangible assets
--------------------------------------------------
known =
unknown = intangible assets
minPenalty = 1
understanding = 0.6666666666666666
amb = 1/7

selected:  1: penalty = 1
              #xfrags = 0
              blah/size = 1/3
              understood = 0.667
              (S (NP (@ Intangible))
                 (VP (?V assets)))

--------------------------------------------------
EXAMPLE 6: Then she fainted.
--------------------------------------------------
known = she fainted
unknown = then
minPenalty = 2
understanding = 1.0
amb = 1/13

selected:  1: penalty = 2
              #xfrags = 1
              blah/size = 0/5
              understood = 1.000
              (*2 (NP (@ Then))
                  (S (NP (Pro she))
                     (VP (V fainted))))

--------------------------------------------------
EXAMPLE 7: Don't retaliate.
--------------------------------------------------
known =
unknown = don't retaliate
minPenalty = 1
understanding = 0.6666666666666666
amb = 1/7

selected:  1: penalty = 1
              #xfrags = 0
              blah/size = 1/3
              understood = 0.667
              (S (NP (@ Don't))
                 (VP (?V retaliate)))

--------------------------------------------------
EXAMPLE 8: The pain subsides.
--------------------------------------------------
known = the
unknown = pain subsides
minPenalty = 2
understanding = 0.6
amb = 2/8

selected:  1: penalty = 2
              #xfrags = 0
              blah/size = 2/5
              understood = 0.600
              (S (NP (D The)
                     (?N pain))
                 (VP (?V subsides)))

           2: penalty = 2
              #xfrags = 0
              blah/size = 2/5
              understood = 0.600
              (NP (D The)
                  (Nom (?N pain)
                       (?N subsides)))

--------------------------------------------------
EXAMPLE 9: The AI was piqued.
--------------------------------------------------
known = the was piqued
unknown = ai
minPenalty = 1
understanding = 0.8571428571428571
amb = 1/23

selected:  1: penalty = 1
              #xfrags = 0
              blah/size = 1/7
              understood = 0.857
              (S (NP (D The)
                     (Nom (?N AI)))
                 (VP (Cop was)
                     (VP (V piqued))))

--------------------------------------------------
EXAMPLE 10: I'm flattered.
--------------------------------------------------
known = flattered
unknown = i'm
minPenalty = 0
understanding = 1.0
amb = 1/7

selected:  1: penalty = 0
              #xfrags = 0
              blah/size = 0/3
              understood = 1.000
              (S (NP (@ I'm))
                 (VP (V flattered)))

--------------------------------------------------
EXAMPLE 11: Sister beckoned me.
--------------------------------------------------
known = beckoned me
unknown = sister
minPenalty = 0
understanding = 1.0
amb = 1/16

selected:  1: penalty = 0
              #xfrags = 0
              blah/size = 0/5
              understood = 1.000
              (S (NP (@ Sister))
                 (VP (VP (V beckoned))
                     (NP (Pro me))))

--------------------------------------------------
EXAMPLE 12: Stumpy tails wagged.
--------------------------------------------------
known = wagged
unknown = stumpy tails
minPenalty = 3
understanding = 0.8
amb = 1/12

selected:  1: penalty = 3
              #xfrags = 1
              blah/size = 1/5
              understood = 0.800
              (*2 (S (NP (@ Stumpy))
                     (VP (?V tails)))
                  (VP (V wagged)))

--------------------------------------------------
EXAMPLE 13: COMMUNITY PERSONIFIED
--------------------------------------------------
known = personified
unknown = community
minPenalty = 2
understanding = 1.0
amb = 1/9

selected:  1: penalty = 2
              #xfrags = 1
              blah/size = 0/3
              understood = 1.000
              (*2 (NP (@ COMMUNITY))
                  (NP (@ PERSONIFIED)))

--------------------------------------------------
EXAMPLE 14: Yeah, car boot sale.
--------------------------------------------------
known =
unknown = yeah car boot sale
minPenalty = 6
understanding = 0.42857142857142855
amb = 1/18

selected:  1: penalty = 6
              #xfrags = 1
              blah/size = 4/7
              understood = 0.429
              (*2 (S (NP (@ Yeah))
                     (VP (?V car)))
                  (? (? boot)
                     (? sale)))

--------------------------------------------------
EXAMPLE 15: The absconded divine.
--------------------------------------------------
known = the absconded
unknown = divine
minPenalty = 5
understanding = 0.0
amb = 1/4

selected:  1: penalty = 5
              #xfrags = 0
              blah/size = 5/5
              understood = 0.000
              (? (? The)
                 (? (? absconded)
                    (? divine)))

--------------------------------------------------
EXAMPLE 16: Practise these things.
--------------------------------------------------
known = these
unknown = practise things
minPenalty = 3
understanding = 0.8
amb = 1/7

selected:  1: penalty = 3
              #xfrags = 1
              blah/size = 1/5
              understood = 0.800
              (*2 (NP (@ Practise))
                  (NP (D these)
                      (?N things)))

--------------------------------------------------
EXAMPLE 17: She felt sick and awed.
--------------------------------------------------
known = she and awed
unknown = felt sick
minPenalty = 4
understanding = 0.7777777777777778
amb = 1/24

selected:  1: penalty = 4
              #xfrags = 1
              blah/size = 2/9
              understood = 0.778
              (*2 (S (NP (Pro She))
                     (VP (?V felt)))
                  (VP (VP (?V sick))
                      (& (& and))
                      (VP (V awed))))

--------------------------------------------------
EXAMPLE 18: A hero of the Reich.
--------------------------------------------------
known = a of the
unknown = hero reich
minPenalty = 2
understanding = 0.7777777777777778
amb = 1/12

selected:  1: penalty = 2
              #xfrags = 0
              blah/size = 2/9
              understood = 0.778
              (NP (D A)
                  (Nom (?N hero)
                       (PP (Prep of)
                           (NP (D the)
                               (Nom (?N Reich))))))

--------------------------------------------------
EXAMPLE 19: He glowered down at her.
--------------------------------------------------
known = he glowered down at her
unknown =
minPenalty = 0
understanding = 1.0
amb = 1/24

selected:  1: penalty = 0
              #xfrags = 0
              blah/size = 0/9
              understood = 1.000
              (S (NP (Pro He))
                 (VP (VP (VP (V glowered))
                         (PP (Prep down)))
                     (PP (Prep at)
                         (NP (Pro her)))))

--------------------------------------------------
EXAMPLE 20: No need to dramatize.
--------------------------------------------------
known = need to
unknown = no dramatize
minPenalty = 3
understanding = 0.8571428571428571
amb = 1/13

selected:  1: penalty = 3
              #xfrags = 1
              blah/size = 1/7
              understood = 0.857
              (*2 (S (NP (@ No))
                     (VP (V need)))
                  (VP (Aux to)
                      (VP (?V dramatize))))

--------------------------------------------------
EXAMPLE 21: A pity he was so crazed.
--------------------------------------------------
known = a he was crazed
unknown = pity so
minPenalty = 6
understanding = 0.8181818181818182
amb = 1/50

selected:  1: penalty = 6
              #xfrags = 2
              blah/size = 2/11
              understood = 0.818
              (*3 (NP (D A)
                      (?N pity))
                  (S (NP (Pro he))
                     (VP (Cop was)
                         (VP (?V so))))
                  (VP (V crazed)))

--------------------------------------------------
EXAMPLE 22: Don't think I'm joking.
--------------------------------------------------
known = joking
unknown = don't think i'm
minPenalty = 3
understanding = 0.8571428571428571
amb = 2/41

selected:  1: penalty = 3
              #xfrags = 1
              blah/size = 1/7
              understood = 0.857
              (*2 (S (NP (@ Don't))
                     (VP (?V think)))
                  (S (NP (@ I'm))
                     (VP (V joking))))

           2: penalty = 3
              #xfrags = 1
              blah/size = 1/7
              understood = 0.857
              (*2 (S (NP (@ Don't))
                     (VP (VP (?V think))
                         (NP (@ I'm))))
                  (VP (V joking)))

--------------------------------------------------
EXAMPLE 23: They're comin' by train.
--------------------------------------------------
known = by
unknown = they're comin' train
minPenalty = 2
understanding = 0.7142857142857143
amb = 1/20

selected:  1: penalty = 2
              #xfrags = 0
              blah/size = 2/7
              understood = 0.714
              (S (NP (@ They're))
                 (VP (VP (?V comin'))
                     (PP (Prep by)
                         (?N train))))

--------------------------------------------------
EXAMPLE 24: He chucks it into the sea.
--------------------------------------------------
known = he it into the
unknown = chucks sea
minPenalty = 2
understanding = 0.8181818181818182
amb = 1/25

selected:  1: penalty = 2
              #xfrags = 0
              blah/size = 2/11
              understood = 0.818
              (S (NP (Pro He))
                 (VP (VP (VP (?V chucks))
                         (NP (Pro it)))
                     (PP (Prep into)
                         (NP (D the)
                             (?N sea)))))

--------------------------------------------------
EXAMPLE 25: Bob -- I'm not joking.
--------------------------------------------------
known = not joking
unknown = bob -- i'm
minPenalty = 3
understanding = 0.8888888888888888
amb = 2/42

selected:  1: penalty = 3
              #xfrags = 1
              blah/size = 1/9
              understood = 0.889
              (*2 (S (NP (@ Bob))
                     (VP (VP (?V --))
                         (NP (@ I'm))))
                  (VP (Aux not)
                      (VP (V joking))))

           2: penalty = 3
              #xfrags = 1
              blah/size = 1/9
              understood = 0.889
              (*2 (S (NP (@ Bob))
                     (VP (?V --)))
                  (S (NP (@ I'm))
                     (VP (Aux not)
                         (VP (V joking)))))

--------------------------------------------------
EXAMPLE 26: They all paraded in there.
--------------------------------------------------
known = they all paraded in there
unknown =
minPenalty = 0
understanding = 1.0
amb = 2/19

selected:  1: penalty = 0
              #xfrags = 0
              blah/size = 0/9
              understood = 1.000
              (S (NP (Pro They))
                 (VP (VP (Aux all)
                         (VP (V paraded)))
                     (PP (Prep in)
                         (NP (Pro there)))))

           2: penalty = 0
              #xfrags = 0
              blah/size = 0/9
              understood = 1.000
              (S (NP (Pro They))
                 (VP (Aux all)
                     (VP (VP (V paraded))
                         (PP (Prep in)
                             (NP (Pro there))))))

--------------------------------------------------
EXAMPLE 27: Enquire on your next visit!
--------------------------------------------------
known = on your
unknown = enquire next visit!
minPenalty = 3
understanding = 0.6666666666666666
amb = 1/22

selected:  1: penalty = 3
              #xfrags = 0
              blah/size = 3/9
              understood = 0.667
              (Nom (Nom (?N Enquire))
                   (PP (Prep on)
                       (NP (D your)
                           (Nom (?N next)
                                (?N visit!)))))

--------------------------------------------------
EXAMPLE 28: I've got a boat to mend.
--------------------------------------------------
known = a to
unknown = i've got boat mend
minPenalty = 5
understanding = 0.7272727272727273
amb = 2/34

selected:  1: penalty = 5
              #xfrags = 1
              blah/size = 3/11
              understood = 0.727
              (*2 (S (NP (@ I've))
                     (VP (?V got)))
                  (S (NP (D a)
                         (?N boat))
                     (VP (Aux to)
                         (VP (?V mend)))))

           2: penalty = 5
              #xfrags = 1
              blah/size = 3/11
              understood = 0.727
              (*2 (S (NP (@ I've))
                     (VP (VP (?V got))
                         (NP (D a)
                             (?N boat))))
                  (VP (Aux to)
                      (VP (?V mend))))

--------------------------------------------------
EXAMPLE 29: The head flaps his right hand.
--------------------------------------------------
known = the his
unknown = head flaps right hand
minPenalty = 4
understanding = 0.6363636363636364
amb = 1/47

selected:  1: penalty = 4
              #xfrags = 0
              blah/size = 4/11
              understood = 0.636
              (S (NP (D The)
                     (?N head))
                 (VP (VP (?V flaps))
                     (NP (D his)
                         (Nom (?N right)
                              (?N hand)))))

--------------------------------------------------
EXAMPLE 30: She got up and limped forward.
--------------------------------------------------
known = she up and limped forward
unknown = got
minPenalty = 1
understanding = 0.9090909090909091
amb = 2/70

selected:  1: penalty = 1
              #xfrags = 0
              blah/size = 1/11
              understood = 0.909
              (S (NP (Pro She))
                 (VP (VP (VP (VP (?V got))
                             (PP (Prep up)))
                         (& (& and))
                         (VP (V limped)))
                     (AdvP (AdvP forward))))

           2: penalty = 1
              #xfrags = 0
              blah/size = 1/11
              understood = 0.909
              (S (NP (Pro She))
                 (VP (VP (VP (?V got))
                         (PP (Prep up)))
                     (& (& and))
                     (VP (VP (V limped))
                         (AdvP (AdvP forward)))))

--------------------------------------------------
EXAMPLE 31: Boxing, football, athletics.
--------------------------------------------------
known = boxing
unknown = football athletics
minPenalty = 4
understanding = 0.6
amb = 2/15

selected:  1: penalty = 4
              #xfrags = 1
              blah/size = 2/5
              understood = 0.600
              (*2 (S (NP (@ Boxing))
                     (VP (?V football)))
                  (VP (?V athletics)))

           2: penalty = 4
              #xfrags = 1
              blah/size = 2/5
              understood = 0.600
              (*2 (S (NP (@ Boxing))
                     (VP (?V football)))
                  (? athletics))

--------------------------------------------------
EXAMPLE 32: Eloise switched on the lights.
--------------------------------------------------
known = switched on the
unknown = eloise lights
minPenalty = 1
understanding = 0.8888888888888888
amb = 1/18

selected:  1: penalty = 1
              #xfrags = 0
              blah/size = 1/9
              understood = 0.889
              (S (NP (@ Eloise))
                 (VP (VP (V switched))
                     (PP (Prep on)
                         (NP (D the)
                             (?N lights)))))

--------------------------------------------------
EXAMPLE 33: to be transcribed on the right.
--------------------------------------------------
known = to be transcribed on the
unknown = right
minPenalty = 1
understanding = 0.9090909090909091
amb = 3/24

selected:  1: penalty = 1
              #xfrags = 0
              blah/size = 1/11
              understood = 0.909
              (VP (VP (Aux to)
                      (VP (Cop be)
                          (VP (V transcribed))))
                  (PP (Prep on)
                      (NP (D the)
                          (?N right))))

           2: penalty = 1
              #xfrags = 0
              blah/size = 1/11
              understood = 0.909
              (VP (Aux to)
                  (VP (VP (Cop be)
                          (VP (V transcribed)))
                      (PP (Prep on)
                          (NP (D the)
                              (?N right)))))

           3: penalty = 1
              #xfrags = 0
              blah/size = 1/11
              understood = 0.909
              (VP (Aux to)
                  (VP (Cop be)
                      (VP (VP (V transcribed))
                          (PP (Prep on)
                              (NP (D the)
                                  (?N right))))))

--------------------------------------------------
EXAMPLE 34: I was astonished by what I saw.
--------------------------------------------------
known = i was astonished by what
unknown = saw
minPenalty = 1
understanding = 0.9230769230769231
amb = 2/35

selected:  1: penalty = 1
              #xfrags = 0
              blah/size = 1/13
              understood = 0.923
              (S (NP (Pro I))
                 (VP (VP (Cop was)
                         (VP (V astonished)))
                     (PP (Prep by)
                         (Comp (Complementizer what)
                               (S (NP (Pro I))
                                  (VP (?V saw)))))))

           2: penalty = 1
              #xfrags = 0
              blah/size = 1/13
              understood = 0.923
              (S (NP (Pro I))
                 (VP (Cop was)
                     (VP (VP (V astonished))
                         (PP (Prep by)
                             (Comp (Complementizer what)
                                   (S (NP (Pro I))
                                      (VP (?V saw))))))))

--------------------------------------------------
EXAMPLE 35: Roy winced as he thought of her.
--------------------------------------------------
known = winced as he of her
unknown = roy thought
minPenalty = 1
understanding = 0.9230769230769231
amb = 2/52

selected:  1: penalty = 1
              #xfrags = 0
              blah/size = 1/13
              understood = 0.923
              (S (NP (@ Roy))
                 (VP (VP (VP (V winced))
                         (Comp (Complementizer as)
                               (S (NP (Pro he))
                                  (VP (?V thought)))))
                     (PP (Prep of)
                         (NP (Pro her)))))

           2: penalty = 1
              #xfrags = 0
              blah/size = 1/13
              understood = 0.923
              (S (NP (@ Roy))
                 (VP (VP (V winced))
                     (Comp (Complementizer as)
                           (S (NP (Pro he))
                              (VP (VP (?V thought))
                                  (PP (Prep of)
                                      (NP (Pro her))))))))

--------------------------------------------------
EXAMPLE 36: Nina and Modi flirted playfully.
--------------------------------------------------
known = and flirted playfully
unknown = nina modi
minPenalty = 0
understanding = 1.0
amb = 1/65

selected:  1: penalty = 0
              #xfrags = 0
              blah/size = 0/9
              understood = 1.000
              (S (NP (NP (@ Nina))
                     (& (& and))
                     (NP (@ Modi)))
                 (VP (VP (V flirted))
                     (AdvP (AdvP playfully))))

--------------------------------------------------
EXAMPLE 37: Retrace your steps to Aberarder.
--------------------------------------------------
known = your to
unknown = retrace steps aberarder
minPenalty = 3
understanding = 0.8888888888888888
amb = 1/19

selected:  1: penalty = 3
              #xfrags = 1
              blah/size = 1/9
              understood = 0.889
              (*2 (NP (@ Retrace))
                  (NP (D your)
                      (Nom (?N steps)
                           (PP (Prep to)
                               (NP (@ Aberarder))))))

--------------------------------------------------
EXAMPLE 38: Gallivanting at night -- really.
--------------------------------------------------
known = gallivanting at
unknown = night -- really
minPenalty = 9
understanding = 0.14814814814814814
amb = 3/10

selected:  1: penalty = 9
              #xfrags = 1
              blah/size = 7/9
              understood = 0.222
              (*2 (NP (@ Gallivanting))
                  (? (? at)
                     (? (? night)
                        (? (? --)
                           (? really)))))

           2: penalty = 9
              #xfrags = 1
              blah/size = 7/9
              understood = 0.222
              (*2 (VP (V Gallivanting))
                  (? (? at)
                     (? (? night)
                        (? (? --)
                           (? really)))))

           3: penalty = 9
              #xfrags = 0
              blah/size = 9/9
              understood = 0.000
              (? (? Gallivanting)
                 (? (? at)
                    (? (? night)
                       (? (? --)
                          (? really)))))

--------------------------------------------------
EXAMPLE 39: We had ne'er been broken-hearted.
--------------------------------------------------
known = we had ne'er been broken-hearted
unknown =
minPenalty = 0
understanding = 1.0
amb = 1/18

selected:  1: penalty = 0
              #xfrags = 0
              blah/size = 0/9
              understood = 1.000
              (S (NP (Pro We))
                 (VP (V had)
                     (VP (Aux ne'er)
                         (VP (Cop been)
                             (VP (V broken-hearted))))))

--------------------------------------------------
EXAMPLE 40: he hugged the dog till it barked.
--------------------------------------------------
known = he hugged the till it barked
unknown = dog
minPenalty = 1
understanding = 0.9230769230769231
amb = 2/84

selected:  1: penalty = 1
              #xfrags = 0
              blah/size = 1/13
              understood = 0.923
              (S (NP (Pro he))
                 (VP (VP (VP (V hugged))
                         (NP (D the)
                             (?N dog)))
                     (PP (Prep till)
                         (S (NP (Pro it))
                            (VP (V barked))))))

           2: penalty = 1
              #xfrags = 0
              blah/size = 1/13
              understood = 0.923
              (S (NP (Pro he))
                 (VP (VP (V hugged))
                     (NP (D the)
                         (Nom (?N dog)
                              (PP (Prep till)
                                  (S (NP (Pro it))
                                     (VP (V barked))))))))

--------------------------------------------------
EXAMPLE 41: Don't let's throw your words away
--------------------------------------------------
known = your
unknown = don't let's throw words away
minPenalty = 6
understanding = 0.6363636363636364
amb = 1/54

selected:  1: penalty = 6
              #xfrags = 1
              blah/size = 4/11
              understood = 0.636
              (*2 (S (NP (@ Don't))
                     (VP (?V let's)))
                  (VP (VP (?V throw))
                      (NP (D your)
                          (Nom (?N words)
                               (?N away)))))

--------------------------------------------------
EXAMPLE 42: Do not stand at my grave and weep.
--------------------------------------------------
known = do not at my and
unknown = stand grave weep
minPenalty = 3
understanding = 0.7999999999999999
amb = 6/57

selected:  1: penalty = 3
              #xfrags = 0
              blah/size = 3/15
              understood = 0.800
              (VP (VP (VP (V Do)
                          (VP (Aux not)
                              (VP (?V stand))))
                      (PP (Prep at)
                          (NP (D my)
                              (?N grave))))
                  (& (& and))
                  (VP (?V weep)))

           2: penalty = 3
              #xfrags = 0
              blah/size = 3/15
              understood = 0.800
              (VP (VP (V Do)
                      (VP (VP (Aux not)
                              (VP (?V stand)))
                          (PP (Prep at)
                              (NP (D my)
                                  (?N grave)))))
                  (& (& and))
                  (VP (?V weep)))

           3: penalty = 3
              #xfrags = 0
              blah/size = 3/15
              understood = 0.800
              (VP (V Do)
                  (VP (VP (VP (Aux not)
                              (VP (?V stand)))
                          (PP (Prep at)
                              (NP (D my)
                                  (?N grave))))
                      (& (& and))
                      (VP (?V weep))))

           4: penalty = 3
              #xfrags = 0
              blah/size = 3/15
              understood = 0.800
              (VP (VP (V Do)
                      (VP (Aux not)
                          (VP (VP (?V stand))
                              (PP (Prep at)
                                  (NP (D my)
                                      (?N grave))))))
                  (& (& and))
                  (VP (?V weep)))

           5: penalty = 3
              #xfrags = 0
              blah/size = 3/15
              understood = 0.800
              (VP (V Do)
                  (VP (VP (Aux not)
                          (VP (VP (?V stand))
                              (PP (Prep at)
                                  (NP (D my)
                                      (?N grave)))))
                      (& (& and))
                      (VP (?V weep))))

           6: penalty = 3
              #xfrags = 0
              blah/size = 3/15
              understood = 0.800
              (VP (V Do)
                  (VP (Aux not)
                      (VP (VP (VP (?V stand))
                              (PP (Prep at)
                                  (NP (D my)
                                      (?N grave))))
                          (& (& and))
                          (VP (?V weep)))))

--------------------------------------------------
EXAMPLE 43: The seconder of formally seconded.
--------------------------------------------------
known = the of seconded
unknown = seconder formally
minPenalty = 8
understanding = 0.3333333333333333
amb = 1/6

selected:  1: penalty = 8
              #xfrags = 1
              blah/size = 6/9
              understood = 0.333
              (*2 (NP (D The)
                      (?N seconder))
                  (? (? of)
                     (? (? formally)
                        (? seconded))))

--------------------------------------------------
EXAMPLE 44: Her voice trembled and almost broke.
--------------------------------------------------
known = her trembled and almost
unknown = voice broke
minPenalty = 2
understanding = 0.8181818181818182
amb = 1/34

selected:  1: penalty = 2
              #xfrags = 0
              blah/size = 2/11
              understood = 0.818
              (S (NP (D Her)
                     (?N voice))
                 (VP (VP (V trembled))
                     (& (& and))
                     (VP (AdvP almost)
                         (VP (?V broke)))))

--------------------------------------------------
EXAMPLE 45: Meredith frowned, considering this.
--------------------------------------------------
known = frowned considering this
unknown = meredith
minPenalty = 2
understanding = 1.0
amb = 1/23

selected:  1: penalty = 2
              #xfrags = 1
              blah/size = 0/7
              understood = 1.000
              (*2 (S (NP (@ Meredith))
                     (VP (V frowned)))
                  (VP (VP (V considering))
                      (NP (Pro this))))

--------------------------------------------------
EXAMPLE 46: I hope that you can all do your bit.
--------------------------------------------------
known = i that you can all do your
unknown = hope bit
minPenalty = 12
understanding = 0.4117647058823529
amb = 1/25

selected:  1: penalty = 12
              #xfrags = 1
              blah/size = 10/17
              understood = 0.412
              (*2 (S (NP (Pro I))
                     (VP (VP (VP (?V hope))
                             (NP (Pro that)))
                         (NP (Pro you))))
                  (? (? can)
                     (? (? all)
                        (? (? do)
                           (? (? your)
                              (? bit))))))

--------------------------------------------------
EXAMPLE 47: Suliman barked a few guttural words.
--------------------------------------------------
known = barked a
unknown = suliman few guttural words
minPenalty = 3
understanding = 0.7272727272727273
amb = 1/82

selected:  1: penalty = 3
              #xfrags = 0
              blah/size = 3/11
              understood = 0.727
              (S (NP (@ Suliman))
                 (VP (VP (V barked))
                     (NP (D a)
                         (Nom (?N few)
                              (Nom (?N guttural)
                                   (?N words))))))

--------------------------------------------------
EXAMPLE 48: Tim was coming loping down the aisle.
--------------------------------------------------
known = was coming loping down the
unknown = tim aisle
minPenalty = 3
understanding = 0.9230769230769231
amb = 1/80

selected:  1: penalty = 3
              #xfrags = 1
              blah/size = 1/13
              understood = 0.923
              (*2 (S (NP (@ Tim))
                     (VP (Cop was)
                         (VP (V coming))))
                  (VP (VP (VP (V loping))
                          (PP (Prep down)))
                      (NP (D the)
                          (?N aisle))))

--------------------------------------------------
EXAMPLE 49: Paddington shines like a skating rink.
--------------------------------------------------
known = a skating
unknown = paddington shines like rink
minPenalty = 10
understanding = 0.2727272727272727
amb = 1/15

selected:  1: penalty = 10
              #xfrags = 1
              blah/size = 8/11
              understood = 0.273
              (*2 (S (NP (@ Paddington))
                     (VP (?V shines)))
                  (? (? like)
                     (? (? a)
                        (? (? skating)
                           (? rink)))))

--------------------------------------------------
EXAMPLE 50: They would rather converse in English.
--------------------------------------------------
known = they in
unknown = would rather converse english
minPenalty = 5
understanding = 0.7272727272727273
amb = 2/38

selected:  1: penalty = 5
              #xfrags = 1
              blah/size = 3/11
              understood = 0.727
              (*2 (NP (Pro They))
                  (Nom (Nom (?N would)
                            (Nom (?N rather)
                                 (?N converse)))
                       (PP (Prep in)
                           (NP (@ English)))))

           2: penalty = 5
              #xfrags = 1
              blah/size = 3/11
              understood = 0.727
              (*2 (S (NP (Pro They))
                     (VP (?V would)))
                  (Nom (Nom (?N rather)
                            (?N converse))
                       (PP (Prep in)
                           (NP (@ English)))))

--------------------------------------------------
EXAMPLE 51: For Goring, read Oscar Wilde himself.
--------------------------------------------------
known = for goring
unknown = read oscar wilde himself
minPenalty = 6
understanding = 0.8181818181818182
amb = 3/149

selected:  1: penalty = 6
              #xfrags = 2
              blah/size = 2/11
              understood = 0.818
              (*3 (PP (Prep For)
                      (NP (@ Goring)))
                  (VP (VP (VP (?V read))
                          (NP (@ Oscar)))
                      (NP (@ Wilde)))
                  (VP (?V himself)))

           2: penalty = 6
              #xfrags = 2
              blah/size = 2/11
              understood = 0.818
              (*3 (PP (Prep For)
                      (NP (@ Goring)))
                  (VP (VP (VP (?V read))
                          (NP (@ Oscar)))
                      (NP (@ Wilde)))
                  (? himself))

           3: penalty = 6
              #xfrags = 2
              blah/size = 2/11
              understood = 0.818
              (*3 (PP (Prep For)
                      (NP (@ Goring)))
                  (VP (VP (?V read))
                      (NP (@ Oscar)))
                  (S (NP (@ Wilde))
                     (VP (?V himself))))

--------------------------------------------------
EXAMPLE 52: They are bypassed by alternative paths.
--------------------------------------------------
known = they are bypassed by
unknown = alternative paths
minPenalty = 2
understanding = 0.8181818181818182
amb = 2/69

selected:  1: penalty = 2
              #xfrags = 0
              blah/size = 2/11
              understood = 0.818
              (S (NP (Pro They))
                 (VP (VP (Cop are)
                         (VP (V bypassed)))
                     (PP (Prep by)
                         (Nom (?N alternative)
                              (?N paths)))))

           2: penalty = 2
              #xfrags = 0
              blah/size = 2/11
              understood = 0.818
              (S (NP (Pro They))
                 (VP (Cop are)
                     (VP (VP (V bypassed))
                         (PP (Prep by)
                             (Nom (?N alternative)
                                  (?N paths))))))

--------------------------------------------------
EXAMPLE 53: That was my Christmas shopping sewn up.
--------------------------------------------------
known = that was my shopping up
unknown = christmas sewn
minPenalty = 4
understanding = 0.8461538461538461
amb = 2/127

selected:  1: penalty = 4
              #xfrags = 1
              blah/size = 2/13
              understood = 0.846
              (*2 (S (NP (Pro That))
                     (VP (Cop was)
                         (S (NP (D my)
                                (Nom (?N Christmas)))
                            (VP (V shopping)))))
                  (VP (VP (?V sewn))
                      (PP (Prep up))))

           2: penalty = 4
              #xfrags = 1
              blah/size = 2/13
              understood = 0.846
              (*2 (S (NP (Pro That))
                     (VP (Cop was)
                         (S (NP (D my)
                                (Nom (?N Christmas)))
                            (VP (V shopping)))))
                  (Nom (?N sewn)
                       (PP (Prep up))))

--------------------------------------------------
EXAMPLE 54: Groggily somersaulting to get airborne.
--------------------------------------------------
known = somersaulting to
unknown = groggily get airborne
minPenalty = 6
understanding = 0.7777777777777778
amb = 2/20

selected:  1: penalty = 6
              #xfrags = 2
              blah/size = 2/9
              understood = 0.778
              (*3 (S (NP (@ Groggily))
                     (VP (V somersaulting)))
                  (VP (Aux to)
                      (VP (?V get)))
                  (VP (?V airborne)))

           2: penalty = 6
              #xfrags = 2
              blah/size = 2/9
              understood = 0.778
              (*3 (S (NP (@ Groggily))
                     (VP (V somersaulting)))
                  (VP (Aux to)
                      (VP (?V get)))
                  (? airborne))

--------------------------------------------------
EXAMPLE 55: He holstered the weapon and walked away.
--------------------------------------------------
known = he holstered the and walked
unknown = weapon away
minPenalty = 4
understanding = 0.8461538461538461
amb = 2/51

selected:  1: penalty = 4
              #xfrags = 1
              blah/size = 2/13
              understood = 0.846
              (*2 (S (NP (Pro He))
                     (VP (VP (VP (V holstered))
                             (NP (D the)
                                 (?N weapon)))
                         (& (& and))
                         (VP (V walked))))
                  (? away))

           2: penalty = 4
              #xfrags = 1
              blah/size = 2/13
              understood = 0.846
              (*2 (S (NP (Pro He))
                     (VP (VP (VP (V holstered))
                             (NP (D the)
                                 (?N weapon)))
                         (& (& and))
                         (VP (V walked))))
                  (VP (?V away)))

--------------------------------------------------
EXAMPLE 56: The Fellowship disrobed and stood naked.
--------------------------------------------------
known = the disrobed and naked
unknown = fellowship stood
minPenalty = 4
understanding = 0.8181818181818182
amb = 1/46

selected:  1: penalty = 4
              #xfrags = 1
              blah/size = 2/11
              understood = 0.818
              (*2 (S (NP (D The)
                         (Nom (?N Fellowship)))
                     (VP (VP (V disrobed))
                         (& (& and))
                         (VP (?V stood))))
                  (VP (V naked)))

--------------------------------------------------
EXAMPLE 57: pulsing with the colors of shared thought
--------------------------------------------------
known = pulsing with the of shared
unknown = colors thought
minPenalty = 8
understanding = 0.5384615384615384
amb = 1/10

selected:  1: penalty = 8
              #xfrags = 1
              blah/size = 6/13
              understood = 0.538
              (*2 (VP (VP (V pulsing))
                      (PP (Prep with)
                          (NP (D the)
                              (?N colors))))
                  (? (? of)
                     (? (? shared)
                        (? thought))))

--------------------------------------------------
EXAMPLE 58: Who the hell does he think he's kiddin'?
--------------------------------------------------
known = the he
unknown = who hell does think he's kiddin'?
minPenalty = 11
understanding = 0.5333333333333333
amb = 1/140

selected:  1: penalty = 11
              #xfrags = 2
              blah/size = 7/15
              understood = 0.533
              (*3 (NP (@ Who))
                  (S (NP (D the)
                         (?N hell))
                     (VP (VP (?V does))
                         (NP (Pro he))))
                  (? (? think)
                     (? (? he's)
                        (? kiddin'?))))

--------------------------------------------------
EXAMPLE 59: Women are being discriminated against.
--------------------------------------------------
known = are being discriminated
unknown = women against
minPenalty = 5
understanding = 0.8148148148148148
amb = 3/37

selected:  1: penalty = 5
              #xfrags = 2
              blah/size = 1/9
              understood = 0.889
              (*3 (S (NP (@ Women))
                     (VP (Cop are)
                         (VP (V being))))
                  (VP (V discriminated))
                  (VP (?V against)))

           2: penalty = 5
              #xfrags = 2
              blah/size = 1/9
              understood = 0.889
              (*3 (S (NP (@ Women))
                     (VP (Cop are)
                         (VP (V being))))
                  (VP (V discriminated))
                  (? against))

           3: penalty = 5
              #xfrags = 1
              blah/size = 3/9
              understood = 0.667
              (*2 (S (NP (@ Women))
                     (VP (Cop are)
                         (VP (V being))))
                  (? (? discriminated)
                     (? against)))

--------------------------------------------------
EXAMPLE 60: Enough of loitering, he said to himself.
--------------------------------------------------
known = of loitering he to
unknown = enough said himself
minPenalty = 11
understanding = 0.5641025641025642
amb = 3/21

selected:  1: penalty = 11
              #xfrags = 3
              blah/size = 5/13
              understood = 0.615
              (*4 (? (? Enough)
                     (? of))
                  (VP (VP (V loitering))
                      (NP (Pro he)))
                  (VP (?V said))
                  (VP (Aux to)
                      (VP (?V himself))))

           2: penalty = 11
              #xfrags = 3
              blah/size = 5/13
              understood = 0.615
              (*4 (? (? Enough)
                     (? of))
                  (VP (V loitering))
                  (S (NP (Pro he))
                     (VP (?V said)))
                  (VP (Aux to)
                      (VP (?V himself))))

           3: penalty = 11
              #xfrags = 2
              blah/size = 7/13
              understood = 0.462
              (*3 (? (? Enough)
                     (? (? of)
                        (? loitering)))
                  (S (NP (Pro he))
                     (VP (?V said)))
                  (VP (Aux to)
                      (VP (?V himself))))

--------------------------------------------------
EXAMPLE 61: I've got to get wised up around here.
--------------------------------------------------
known = to wised up
unknown = i've got get around here
minPenalty = 11
understanding = 0.6666666666666666
amb = 1/68

selected:  1: penalty = 11
              #xfrags = 3
              blah/size = 5/15
              understood = 0.667
              (*4 (S (NP (@ I've))
                     (VP (?V got)))
                  (VP (Aux to)
                      (VP (?V get)))
                  (VP (VP (V wised))
                      (PP (Prep up)))
                  (? (? around)
                     (? here)))

--------------------------------------------------
EXAMPLE 62: Let's go to the beach for a barbecue.
--------------------------------------------------
known = to the for a
unknown = let's go beach barbecue
minPenalty = 3
understanding = 0.8
amb = 2/60

selected:  1: penalty = 3
              #xfrags = 0
              blah/size = 3/15
              understood = 0.800
              (S (NP (@ Let's))
                 (VP (VP (VP (?V go))
                         (PP (Prep to)
                             (NP (D the)
                                 (?N beach))))
                     (PP (Prep for)
                         (NP (D a)
                             (?N barbecue)))))

           2: penalty = 3
              #xfrags = 0
              blah/size = 3/15
              understood = 0.800
              (S (NP (@ Let's))
                 (VP (VP (?V go))
                     (PP (Prep to)
                         (NP (D the)
                             (Nom (?N beach)
                                  (PP (Prep for)
                                      (NP (D a)
                                          (?N barbecue))))))))

--------------------------------------------------
EXAMPLE 63: Grey-haired, stooping, shabbily dressed.
--------------------------------------------------
known = grey-haired stooping dressed
unknown = shabbily
minPenalty = 5
understanding = 0.7142857142857142
amb = 2/22

selected:  1: penalty = 5
              #xfrags = 1
              blah/size = 3/7
              understood = 0.571
              (*2 (S (NP (@ Grey-haired))
                     (VP (V stooping)))
                  (? (? shabbily)
                     (? dressed)))

           2: penalty = 5
              #xfrags = 2
              blah/size = 1/7
              understood = 0.857
              (*3 (S (NP (@ Grey-haired))
                     (VP (V stooping)))
                  (VP (?V shabbily))
                  (VP (V dressed)))

--------------------------------------------------
EXAMPLE 64: She stood there, shrugging her shoulders.
--------------------------------------------------
known = she there shrugging her
unknown = stood shoulders
minPenalty = 4
understanding = 0.8181818181818182
amb = 2/113

selected:  1: penalty = 4
              #xfrags = 1
              blah/size = 2/11
              understood = 0.818
              (*2 (S (NP (Pro She))
                     (VP (VP (?V stood))
                         (NP (Pro there))))
                  (VP (VP (V shrugging))
                      (NP (D her)
                          (?N shoulders))))

           2: penalty = 4
              #xfrags = 1
              blah/size = 2/11
              understood = 0.818
              (*2 (S (NP (Pro She))
                     (VP (?V stood)))
                  (S (NP (Pro there))
                     (VP (VP (V shrugging))
                         (NP (D her)
                             (?N shoulders)))))

--------------------------------------------------
EXAMPLE 65: The horns of the Glories began resounding.
--------------------------------------------------
known = the of resounding
unknown = horns glories began
minPenalty = 5
understanding = 0.7692307692307693
amb = 1/39

selected:  1: penalty = 5
              #xfrags = 1
              blah/size = 3/13
              understood = 0.769
              (*2 (S (NP (D The)
                         (Nom (?N horns)
                              (PP (Prep of)
                                  (NP (D the)
                                      (Nom (?N Glories))))))
                     (VP (?V began)))
                  (VP (V resounding)))

--------------------------------------------------
EXAMPLE 66: Drunk priest is nicked driving to a funeral
--------------------------------------------------
known = is nicked driving to a
unknown = drunk priest funeral
minPenalty = 6
understanding = 0.8666666666666667
amb = 1/62

selected:  1: penalty = 6
              #xfrags = 2
              blah/size = 2/15
              understood = 0.867
              (*3 (S (NP (@ Drunk))
                     (VP (?V priest)))
                  (VP (Cop is)
                      (VP (V nicked)))
                  (VP (VP (V driving))
                      (PP (Prep to)
                          (NP (D a)
                              (?N funeral)))))

--------------------------------------------------
EXAMPLE 67: She put out her hand as if warding him off.
--------------------------------------------------
known = she out her as warding
unknown = put hand if him off
minPenalty = 13
understanding = 0.42105263157894735
amb = 1/74

selected:  1: penalty = 13
              #xfrags = 1
              blah/size = 11/19
              understood = 0.421
              (*2 (S (NP (Pro She))
                     (VP (VP (VP (?V put))
                             (PP (Prep out)))
                         (NP (D her)
                             (?N hand))))
                  (? (? as)
                     (? (? if)
                        (? (? warding)
                           (? (? him)
                              (? off))))))

--------------------------------------------------
EXAMPLE 68: A door closed, taps ran, the loo flushed.
--------------------------------------------------
known = a closed the flushed
unknown = door taps ran loo
minPenalty = 10
understanding = 0.7333333333333333
amb = 2/54

selected:  1: penalty = 10
              #xfrags = 3
              blah/size = 4/15
              understood = 0.733
              (*4 (S (NP (D A)
                         (?N door))
                     (VP (V closed)))
                  (VP (?V taps))
                  (VP (VP (?V ran))
                      (NP (D the)
                          (?N loo)))
                  (VP (V flushed)))

           2: penalty = 10
              #xfrags = 3
              blah/size = 4/15
              understood = 0.733
              (*4 (S (NP (D A)
                         (?N door))
                     (VP (V closed)))
                  (VP (?V taps))
                  (VP (?V ran))
                  (S (NP (D the)
                         (?N loo))
                     (VP (V flushed))))

--------------------------------------------------
EXAMPLE 69: Her heart, she noted wryly, was thumping.
--------------------------------------------------
known = her she noted was thumping
unknown = heart wryly
minPenalty = 8
understanding = 0.8461538461538461
amb = 3/92

selected:  1: penalty = 8
              #xfrags = 3
              blah/size = 2/13
              understood = 0.846
              (*4 (NP (D Her)
                      (?N heart))
                  (S (NP (Pro she))
                     (VP (V noted)))
                  (VP (?V wryly))
                  (VP (Cop was)
                      (VP (V thumping))))

           2: penalty = 8
              #xfrags = 3
              blah/size = 2/13
              understood = 0.846
              (*4 (S (NP (Pro Her))
                     (VP (?V heart)))
                  (S (NP (Pro she))
                     (VP (V noted)))
                  (VP (?V wryly))
                  (VP (Cop was)
                      (VP (V thumping))))

           3: penalty = 8
              #xfrags = 3
              blah/size = 2/13
              understood = 0.846
              (*4 (S (NP (Pro Her))
                     (VP (VP (?V heart))
                         (NP (Pro she))))
                  (VP (V noted))
                  (VP (?V wryly))
                  (VP (Cop was)
                      (VP (V thumping))))

--------------------------------------------------
EXAMPLE 70: Forest getting relegated is a reall bummer.
--------------------------------------------------
known = getting relegated is a
unknown = forest reall bummer
minPenalty = 6
understanding = 0.8461538461538461
amb = 3/91

selected:  1: penalty = 6
              #xfrags = 2
              blah/size = 2/13
              understood = 0.846
              (*3 (S (NP (@ Forest))
                     (VP (V getting)))
                  (VP (V relegated))
                  (VP (Cop is)
                      (S (NP (D a)
                             (?N reall))
                         (VP (?V bummer)))))

           2: penalty = 6
              #xfrags = 2
              blah/size = 2/13
              understood = 0.846
              (*3 (S (NP (@ Forest))
                     (VP (V getting)))
                  (VP (V relegated))
                  (VP (VP (Cop is))
                      (NP (D a)
                          (Nom (?N reall)
                               (?N bummer)))))

           3: penalty = 6
              #xfrags = 2
              blah/size = 2/13
              understood = 0.846
              (*3 (S (NP (@ Forest))
                     (VP (V getting)))
                  (VP (V relegated))
                  (VP (Cop is)
                      (NP (D a)
                          (Nom (?N reall)
                               (?N bummer)))))

--------------------------------------------------
EXAMPLE 71: He was astonished that she had backed down.
--------------------------------------------------
known = he was astonished that she had backed down
unknown =
minPenalty = 0
understanding = 1.0
amb = 7/359

selected:  1: penalty = 0
              #xfrags = 0
              blah/size = 0/15
              understood = 1.000
              (S (NP (Pro He))
                 (VP (VP (Cop was)
                         (VP (V astonished)))
                     (Comp (Complementizer that)
                           (S (NP (Pro she))
                              (VP (V had)
                                  (VP (VP (V backed))
                                      (PP (Prep down))))))))

           2: penalty = 0
              #xfrags = 0
              blah/size = 0/15
              understood = 1.000
              (S (NP (Pro He))
                 (VP (Cop was)
                     (VP (VP (V astonished))
                         (Comp (Complementizer that)
                               (S (NP (Pro she))
                                  (VP (V had)
                                      (VP (VP (V backed))
                                          (PP (Prep down)))))))))

           3: penalty = 0
              #xfrags = 0
              blah/size = 0/15
              understood = 1.000
              (S (NP (Pro He))
                 (VP (VP (Cop was)
                         (VP (V astonished)))
                     (Comp (Complementizer that)
                           (S (NP (Pro she))
                              (VP (VP (V had)
                                      (VP (V backed)))
                                  (PP (Prep down)))))))

           4: penalty = 0
              #xfrags = 0
              blah/size = 0/15
              understood = 1.000
              (S (NP (Pro He))
                 (VP (Cop was)
                     (VP (VP (V astonished))
                         (Comp (Complementizer that)
                               (S (NP (Pro she))
                                  (VP (VP (V had)
                                          (VP (V backed)))
                                      (PP (Prep down))))))))

           5: penalty = 0
              #xfrags = 0
              blah/size = 0/15
              understood = 1.000
              (S (NP (Pro He))
                 (VP (VP (VP (Cop was)
                             (VP (V astonished)))
                         (Comp (Complementizer that)
                               (S (NP (Pro she))
                                  (VP (V had)
                                      (VP (V backed))))))
                     (PP (Prep down))))

           6: penalty = 0
              #xfrags = 0
              blah/size = 0/15
              understood = 1.000
              (S (NP (Pro He))
                 (VP (VP (Cop was)
                         (VP (VP (V astonished))
                             (Comp (Complementizer that)
                                   (S (NP (Pro she))
                                      (VP (V had)
                                          (VP (V backed)))))))
                     (PP (Prep down))))

           7: penalty = 0
              #xfrags = 0
              blah/size = 0/15
              understood = 1.000
              (S (NP (Pro He))
                 (VP (Cop was)
                     (VP (VP (VP (V astonished))
                             (Comp (Complementizer that)
                                   (S (NP (Pro she))
                                      (VP (V had)
                                          (VP (V backed))))))
                         (PP (Prep down)))))

--------------------------------------------------
EXAMPLE 72: Minton repeatedly jibed at the art business.
--------------------------------------------------
known = jibed at the
unknown = minton repeatedly art business
minPenalty = 5
understanding = 0.7692307692307693
amb = 1/52

selected:  1: penalty = 5
              #xfrags = 1
              blah/size = 3/13
              understood = 0.769
              (*2 (S (NP (@ Minton))
                     (VP (?V repeatedly)))
                  (VP (VP (V jibed))
                      (PP (Prep at)
                          (NP (D the)
                              (Nom (?N art)
                                   (?N business))))))

--------------------------------------------------
EXAMPLE 73: Now it was Ashdown's turn to be disbelieving.
--------------------------------------------------
known = it was to be disbelieving
unknown = now ashdown's turn
minPenalty = 5
understanding = 0.9333333333333333
amb = 1/234

selected:  1: penalty = 5
              #xfrags = 2
              blah/size = 1/15
              understood = 0.933
              (*3 (NP (@ Now))
                  (S (NP (Pro it))
                     (VP (Cop was)
                         (S (NP (@ Ashdown's))
                            (VP (?V turn)))))
                  (VP (Aux to)
                      (VP (Cop be)
                          (VP (V disbelieving)))))

--------------------------------------------------
EXAMPLE 74: Erm, not that I recollect, only in training.
--------------------------------------------------
known = not that i in training
unknown = erm recollect only
minPenalty = 8
understanding = 0.6
amb = 1/28

selected:  1: penalty = 8
              #xfrags = 1
              blah/size = 6/15
              understood = 0.600
              (*2 (S (NP (@ Erm))
                     (VP (Aux not)
                         (Comp (Complementizer that)
                               (S (NP (Pro I))
                                  (VP (?V recollect))))))
                  (? (? only)
                     (? (? in)
                        (? training))))

--------------------------------------------------
EXAMPLE 75: Those green things are for Susannah's picnic.
--------------------------------------------------
known = those are for
unknown = green things susannah's picnic
minPenalty = 5
understanding = 0.7692307692307693
amb = 4/65

selected:  1: penalty = 5
              #xfrags = 1
              blah/size = 3/13
              understood = 0.769
              (*2 (S (NP (D Those)
                         (Nom (?N green)
                              (?N things)))
                     (VP (VP (Cop are))
                         (PP (Prep for)
                             (NP (@ Susannah's)))))
                  (? picnic))

           2: penalty = 5
              #xfrags = 1
              blah/size = 3/13
              understood = 0.769
              (*2 (S (NP (D Those)
                         (Nom (?N green)
                              (?N things)))
                     (VP (VP (Cop are))
                         (PP (Prep for)
                             (NP (@ Susannah's)))))
                  (VP (?V picnic)))

           3: penalty = 5
              #xfrags = 1
              blah/size = 3/13
              understood = 0.769
              (*2 (S (NP (D Those)
                         (Nom (?N green)
                              (?N things)))
                     (VP (Cop are)
                         (PP (Prep for)
                             (NP (@ Susannah's)))))
                  (? picnic))

           4: penalty = 5
              #xfrags = 1
              blah/size = 3/13
              understood = 0.769
              (*2 (S (NP (D Those)
                         (Nom (?N green)
                              (?N things)))
                     (VP (Cop are)
                         (PP (Prep for)
                             (NP (@ Susannah's)))))
                  (VP (?V picnic)))

--------------------------------------------------
EXAMPLE 76: They were, to a man, highly skilled gawpers.
--------------------------------------------------
known = they were to a skilled
unknown = man highly gawpers
minPenalty = 7
understanding = 0.7555555555555555
amb = 6/97

selected:  1: penalty = 7
              #xfrags = 2
              blah/size = 3/15
              understood = 0.800
              (*3 (S (NP (Pro They))
                     (VP (VP (Cop were))
                         (PP (Prep to)
                             (NP (D a)
                                 (Nom (?N man)
                                      (?N highly))))))
                  (VP (V skilled))
                  (VP (?V gawpers)))

           2: penalty = 7
              #xfrags = 2
              blah/size = 3/15
              understood = 0.800
              (*3 (S (NP (Pro They))
                     (VP (VP (Cop were))
                         (PP (Prep to)
                             (NP (D a)
                                 (Nom (?N man)
                                      (?N highly))))))
                  (VP (V skilled))
                  (? gawpers))

           3: penalty = 7
              #xfrags = 1
              blah/size = 5/15
              understood = 0.667
              (*2 (S (NP (Pro They))
                     (VP (VP (Cop were))
                         (PP (Prep to)
                             (NP (D a)
                                 (Nom (?N man)
                                      (?N highly))))))
                  (? (? skilled)
                     (? gawpers)))

           4: penalty = 7
              #xfrags = 2
              blah/size = 3/15
              understood = 0.800
              (*3 (S (NP (Pro They))
                     (VP (Cop were)
                         (PP (Prep to)
                             (NP (D a)
                                 (Nom (?N man)
                                      (?N highly))))))
                  (VP (V skilled))
                  (VP (?V gawpers)))

           5: penalty = 7
              #xfrags = 2
              blah/size = 3/15
              understood = 0.800
              (*3 (S (NP (Pro They))
                     (VP (Cop were)
                         (PP (Prep to)
                             (NP (D a)
                                 (Nom (?N man)
                                      (?N highly))))))
                  (VP (V skilled))
                  (? gawpers))

           6: penalty = 7
              #xfrags = 1
              blah/size = 5/15
              understood = 0.667
              (*2 (S (NP (Pro They))
                     (VP (Cop were)
                         (PP (Prep to)
                             (NP (D a)
                                 (Nom (?N man)
                                      (?N highly))))))
                  (? (? skilled)
                     (? gawpers)))

--------------------------------------------------
EXAMPLE 77: The windows were gone entirely or boarded over.
--------------------------------------------------
known = the were or boarded
unknown = windows gone entirely over
minPenalty = 8
understanding = 0.7333333333333333
amb = 2/82

selected:  1: penalty = 8
              #xfrags = 2
              blah/size = 4/15
              understood = 0.733
              (*3 (S (NP (D The)
                         (?N windows))
                     (VP (Cop were)
                         (VP (?V gone))))
                  (VP (VP (?V entirely))
                      (& (& or))
                      (VP (V boarded)))
                  (? over))

           2: penalty = 8
              #xfrags = 2
              blah/size = 4/15
              understood = 0.733
              (*3 (S (NP (D The)
                         (?N windows))
                     (VP (Cop were)
                         (VP (?V gone))))
                  (VP (VP (?V entirely))
                      (& (& or))
                      (VP (V boarded)))
                  (VP (?V over)))

--------------------------------------------------
EXAMPLE 78: She knelt in front of Lucy, clasped her hands.
--------------------------------------------------
known = she in of clasped her
unknown = knelt front lucy hands
minPenalty = 11
understanding = 0.5882352941176471
amb = 2/81

selected:  1: penalty = 11
              #xfrags = 2
              blah/size = 7/17
              understood = 0.588
              (*3 (? (? She)
                     (? (? knelt)
                        (? in)))
                  (VP (VP (?V front))
                      (PP (Prep of)
                          (NP (@ Lucy))))
                  (VP (VP (V clasped))
                      (NP (D her)
                          (?N hands))))

           2: penalty = 11
              #xfrags = 2
              blah/size = 7/17
              understood = 0.588
              (*3 (? (? She)
                     (? (? knelt)
                        (? in)))
                  (Nom (?N front)
                       (PP (Prep of)
                           (NP (@ Lucy))))
                  (VP (VP (V clasped))
                      (NP (D her)
                          (?N hands))))

--------------------------------------------------
EXAMPLE 79: She bent and fiddled with a machine at her feet.
--------------------------------------------------
known = she and fiddled with a at her
unknown = bent machine feet
minPenalty = 3
understanding = 0.8421052631578947
amb = 5/225

selected:  1: penalty = 3
              #xfrags = 0
              blah/size = 3/19
              understood = 0.842
              (S (NP (Pro She))
                 (VP (VP (VP (VP (?V bent))
                             (& (& and))
                             (VP (V fiddled)))
                         (PP (Prep with)
                             (NP (D a)
                                 (?N machine))))
                     (PP (Prep at)
                         (NP (D her)
                             (?N feet)))))

           2: penalty = 3
              #xfrags = 0
              blah/size = 3/19
              understood = 0.842
              (S (NP (Pro She))
                 (VP (VP (VP (?V bent))
                         (& (& and))
                         (VP (VP (V fiddled))
                             (PP (Prep with)
                                 (NP (D a)
                                     (?N machine)))))
                     (PP (Prep at)
                         (NP (D her)
                             (?N feet)))))

           3: penalty = 3
              #xfrags = 0
              blah/size = 3/19
              understood = 0.842
              (S (NP (Pro She))
                 (VP (VP (?V bent))
                     (& (& and))
                     (VP (VP (VP (V fiddled))
                             (PP (Prep with)
                                 (NP (D a)
                                     (?N machine))))
                         (PP (Prep at)
                             (NP (D her)
                                 (?N feet))))))

           4: penalty = 3
              #xfrags = 0
              blah/size = 3/19
              understood = 0.842
              (S (NP (Pro She))
                 (VP (VP (VP (?V bent))
                         (& (& and))
                         (VP (V fiddled)))
                     (PP (Prep with)
                         (NP (D a)
                             (Nom (?N machine)
                                  (PP (Prep at)
                                      (NP (D her)
                                          (?N feet))))))))

           5: penalty = 3
              #xfrags = 0
              blah/size = 3/19
              understood = 0.842
              (S (NP (Pro She))
                 (VP (VP (?V bent))
                     (& (& and))
                     (VP (VP (V fiddled))
                         (PP (Prep with)
                             (NP (D a)
                                 (Nom (?N machine)
                                      (PP (Prep at)
                                          (NP (D her)
                                              (?N feet)))))))))

--------------------------------------------------
EXAMPLE 80: His face twitched slightly with helpless regret.
--------------------------------------------------
known = his twitched slightly with
unknown = face helpless regret
minPenalty = 8
understanding = 0.5384615384615384
amb = 1/19

selected:  1: penalty = 8
              #xfrags = 1
              blah/size = 6/13
              understood = 0.538
              (*2 (S (NP (D His)
                         (?N face))
                     (VP (VP (V twitched))
                         (AdvP (AdvP slightly))))
                  (? (? with)
                     (? (? helpless)
                        (? regret))))

--------------------------------------------------
EXAMPLE 81: He dives from the chair and hurtles to the door.
--------------------------------------------------
known = he from the and to
unknown = dives chair hurtles door
minPenalty = 4
understanding = 0.7894736842105263
amb = 2/101

selected:  1: penalty = 4
              #xfrags = 0
              blah/size = 4/19
              understood = 0.789
              (S (NP (Pro He))
                 (VP (VP (VP (VP (?V dives))
                             (PP (Prep from)
                                 (NP (D the)
                                     (?N chair))))
                         (& (& and))
                         (VP (?V hurtles)))
                     (PP (Prep to)
                         (NP (D the)
                             (?N door)))))

           2: penalty = 4
              #xfrags = 0
              blah/size = 4/19
              understood = 0.789
              (S (NP (Pro He))
                 (VP (VP (VP (?V dives))
                         (PP (Prep from)
                             (NP (D the)
                                 (?N chair))))
                     (& (& and))
                     (VP (VP (?V hurtles))
                         (PP (Prep to)
                             (NP (D the)
                                 (?N door))))))

--------------------------------------------------
EXAMPLE 82: We heard the fair and followed the jangling music
--------------------------------------------------
known = we the and followed jangling
unknown = heard fair music
minPenalty = 9
understanding = 0.5882352941176471
amb = 1/39

selected:  1: penalty = 9
              #xfrags = 1
              blah/size = 7/17
              understood = 0.588
              (*2 (S (NP (Pro We))
                     (VP (VP (VP (?V heard))
                             (NP (D the)
                                 (?N fair)))
                         (& (& and))
                         (VP (V followed))))
                  (? (? the)
                     (? (? jangling)
                        (? music))))

--------------------------------------------------
EXAMPLE 83: I do not know why the amendment has been tabled.
--------------------------------------------------
known = i do not why the been tabled
unknown = know amendment has
minPenalty = 3
understanding = 0.8421052631578947
amb = 3/162

selected:  1: penalty = 3
              #xfrags = 0
              blah/size = 3/19
              understood = 0.842
              (S (NP (Pro I))
                 (VP (VP (V do)
                         (VP (Aux not)
                             (VP (?V know))))
                     (Comp (Complementizer why)
                           (S (NP (D the)
                                  (Nom (?N amendment)
                                       (?N has)))
                              (VP (Cop been)
                                  (VP (V tabled)))))))

           2: penalty = 3
              #xfrags = 0
              blah/size = 3/19
              understood = 0.842
              (S (NP (Pro I))
                 (VP (V do)
                     (VP (VP (Aux not)
                             (VP (?V know)))
                         (Comp (Complementizer why)
                               (S (NP (D the)
                                      (Nom (?N amendment)
                                           (?N has)))
                                  (VP (Cop been)
                                      (VP (V tabled))))))))

           3: penalty = 3
              #xfrags = 0
              blah/size = 3/19
              understood = 0.842
              (S (NP (Pro I))
                 (VP (V do)
                     (VP (Aux not)
                         (VP (VP (?V know))
                             (Comp (Complementizer why)
                                   (S (NP (D the)
                                          (Nom (?N amendment)
                                               (?N has)))
                                      (VP (Cop been)
                                          (VP (V tabled)))))))))

--------------------------------------------------
EXAMPLE 84: She almost burst, suppressing fear and laughter.
--------------------------------------------------
known = she almost suppressing and
unknown = burst fear laughter
minPenalty = 7
understanding = 0.7692307692307693
amb = 1/38

selected:  1: penalty = 7
              #xfrags = 2
              blah/size = 3/13
              understood = 0.769
              (*3 (S (NP (Pro She))
                     (VP (AdvP almost)
                         (VP (?V burst))))
                  (VP (V suppressing))
                  (VP (VP (?V fear))
                      (& (& and))
                      (VP (?V laughter))))

--------------------------------------------------
EXAMPLE 85: He had stopped coughing, but still looked dazed.
--------------------------------------------------
known = he had stopped coughing but looked dazed
unknown = still
minPenalty = 7
understanding = 0.9333333333333333
amb = 1/56

selected:  1: penalty = 7
              #xfrags = 3
              blah/size = 1/15
              understood = 0.933
              (*4 (S (NP (Pro He))
                     (VP (V had)
                         (VP (V stopped))))
                  (VP (VP (V coughing))
                      (& (& but))
                      (VP (?V still)))
                  (VP (V looked))
                  (VP (V dazed)))

--------------------------------------------------
EXAMPLE 86: He's never chuckled, or giggled, or even smiled.
--------------------------------------------------
known = never chuckled or giggled even smiled
unknown = he's
minPenalty = 0
understanding = 1.0
amb = 5/95

selected:  1: penalty = 0
              #xfrags = 0
              blah/size = 0/15
              understood = 1.000
              (S (NP (@ He's))
                 (VP (Aux never)
                     (VP (VP (V chuckled))
                         (& (& or))
                         (VP (VP (V giggled))
                             (& (& or))
                             (VP (Aux even)
                                 (VP (V smiled)))))))

           2: penalty = 0
              #xfrags = 0
              blah/size = 0/15
              understood = 1.000
              (S (NP (@ He's))
                 (VP (VP (Aux never)
                         (VP (V chuckled)))
                     (& (& or))
                     (VP (VP (V giggled))
                         (& (& or))
                         (VP (Aux even)
                             (VP (V smiled))))))

           3: penalty = 0
              #xfrags = 0
              blah/size = 0/15
              understood = 1.000
              (S (NP (@ He's))
                 (VP (VP (VP (Aux never)
                             (VP (V chuckled)))
                         (& (& or))
                         (VP (V giggled)))
                     (& (& or))
                     (VP (Aux even)
                         (VP (V smiled)))))

           4: penalty = 0
              #xfrags = 0
              blah/size = 0/15
              understood = 1.000
              (S (NP (@ He's))
                 (VP (Aux never)
                     (VP (VP (VP (V chuckled))
                             (& (& or))
                             (VP (V giggled)))
                         (& (& or))
                         (VP (Aux even)
                             (VP (V smiled))))))

           5: penalty = 0
              #xfrags = 0
              blah/size = 0/15
              understood = 1.000
              (S (NP (@ He's))
                 (VP (VP (Aux never)
                         (VP (VP (V chuckled))
                             (& (& or))
                             (VP (V giggled))))
                     (& (& or))
                     (VP (Aux even)
                         (VP (V smiled)))))
#runs = 86
#nope = 0 ()
Effort 299.4
Understood 77%
Ambiguity 34.2
Ambiguity/example 0.397

Next 2 - let's
     2 - right
     2 - stood
     2 - things
     2 - think
     2 - thought
     2 - words
     3 - don't
     3 - got
     3 - i'm
